{
  "RSpec": {
    "coverage": {
      "/Users/student/Projects/bookmark_manager/spec/bookmark_spec.rb": [
        null,
        1,
        null,
        1,
        null,
        null,
        null,
        1,
        1,
        1,
        null,
        null,
        null,
        1,
        1,
        1,
        null,
        null,
        null,
        1,
        null,
        1,
        1,
        1,
        null,
        null,
        null,
        null
      ],
      "/Users/student/Projects/bookmark_manager/lib/bookmark.rb": [
        1,
        null,
        1,
        null,
        1,
        3,
        3,
        null,
        0,
        null,
        null,
        3,
        10,
        null,
        null,
        null
      ],
      "/Users/student/Projects/bookmark_manager/spec/features/adding_bookmarks_spec.rb": [
        null,
        null,
        null,
        null,
        1,
        1,
        1,
        1,
        1,
        1,
        null,
        null
      ],
      "/Users/student/Projects/bookmark_manager/spec/features/user_stories_spec.rb": [
        1,
        1,
        1,
        1,
        null,
        null,
        null,
        null,
        null,
        null
      ],
      "/Users/student/Projects/bookmark_manager/spec/features/viewing_bookmarks_spec.rb": [
        null,
        1,
        null,
        1,
        1,
        1,
        null,
        null,
        1,
        1,
        1,
        null,
        1,
        null,
        1,
        1,
        1,
        null,
        null
      ]
    },
    "timestamp": 1563292183
  }
}
